[debug] [2022-03-12T14:39:57.831Z] ----------------------------------------------------------------------
[debug] [2022-03-12T14:39:57.835Z] Command:       C:\Program Files\nodejs\node.exe C:\Users\sahdev\AppData\Roaming\npm\node_modules\firebase-tools\lib\bin\firebase.js init
[debug] [2022-03-12T14:39:57.836Z] CLI Version:   10.2.2
[debug] [2022-03-12T14:39:57.836Z] Platform:      win32
[debug] [2022-03-12T14:39:57.836Z] Node Version:  v14.17.6
[debug] [2022-03-12T14:39:57.871Z] Time:          Sat Mar 12 2022 20:09:57 GMT+0530 (India Standard Time)
[debug] [2022-03-12T14:39:57.871Z] ----------------------------------------------------------------------
[debug] 
[debug] [2022-03-12T14:39:57.892Z] > command requires scopes: ["email","openid","https://www.googleapis.com/auth/cloudplatformprojects.readonly","https://www.googleapis.com/auth/firebase","https://www.googleapis.com/auth/cloud-platform"]
[debug] [2022-03-12T14:39:57.892Z] > authorizing via signed-in user (sahdevrai338@gmail.com)
[info] 
     ######## #### ########  ######## ########     ###     ######  ########
     ##        ##  ##     ## ##       ##     ##  ##   ##  ##       ##
     ######    ##  ########  ######   ########  #########  ######  ######
     ##        ##  ##    ##  ##       ##     ## ##     ##       ## ##
     ##       #### ##     ## ######## ########  ##     ##  ######  ########

You're about to initialize a Firebase project in this directory:

  C:\new-app

Before we get started, keep in mind:

  * You are currently outside your home directory

